<html>
<body>
<pre>
<h1>µVision Build Log</h1>
<h2>Tool Versions:</h2>
IDE-Version: µVision V5.22.0.0
Copyright (C) 2016 ARM Ltd and ARM Germany GmbH. All rights reserved.
License Information: mauro mauro, -----, LIC=DSN01-CF3BV-NTG3G-VEAWC-LE2B3-R2HMM
 
Tool Versions:
Toolchain:       MDK-ARM Professional  Version: 5.22
Toolchain Path:  C:\Keil_v5\ARM\ARMCC\Bin
C Compiler:      Armcc.exe V5.06 update 4 (build 422)
Assembler:       Armasm.exe V5.06 update 4 (build 422)
Linker/Locator:  ArmLink.exe V5.06 update 4 (build 422)
Library Manager: ArmAr.exe V5.06 update 4 (build 422)
Hex Converter:   FromElf.exe V5.06 update 4 (build 422)
CPU DLL:         SARMCM3.DLL V5.22
Dialog DLL:      DARMCM1.DLL V1.15.0.0
Target DLL:      Segger\JL2CM3.dll V2.99.23.0
Dialog DLL:      TARMCM1.DLL V1.11.0.0
 
<h2>Project:</h2>
D:\TITOMA\nrf_codes\FW\local\TIMESLOT\nrf51-micro-esb-master\ptx\arm\micro_esb_ptx.uvprojx
Project File Date:  08/18/2018

<h2>Output:</h2>
*** Using Compiler 'V5.06 update 4 (build 422)', folder: 'C:\Keil_v5\ARM\ARMCC\Bin'
Build target 'nrf51822_xxac_130 (256K)'
Clean started - Project: 'micro_esb_ptx'
   deleting intermediate output files for target 'nrf51822_xxac_130 (256K)'
compiling main.c...
compiling uesbAPP.c...
compiling tinyRF.c...
..\..\common\tinyRF.c(240): error:  #20: identifier "uesb_payload_t" is undefined
  static uesb_payload_t  rx_payload;
..\..\common\tinyRF.c(247): warning:  #223-D: function "uesb_get_clear_interrupts" declared implicitly
      uesb_get_clear_interrupts(&rf_interrupts);
..\..\common\tinyRF.c(249): error:  #20: identifier "UESB_INT_TX_SUCCESS_MSK" is undefined
      if(rf_interrupts & UESB_INT_TX_SUCCESS_MSK)
..\..\common\tinyRF.c(253): error:  #20: identifier "UESB_INT_TX_FAILED_MSK" is undefined
      if(rf_interrupts & UESB_INT_TX_FAILED_MSK)
..\..\common\tinyRF.c(255): warning:  #223-D: function "uesb_flush_tx" declared implicitly
          uesb_flush_tx();
..\..\common\tinyRF.c(258): error:  #20: identifier "UESB_INT_RX_DR_MSK" is undefined
      if(rf_interrupts & UESB_INT_RX_DR_MSK)
..\..\common\tinyRF.c(260): warning:  #223-D: function "uesb_read_rx_payload" declared implicitly
          uesb_read_rx_payload(&rx_payload);
..\..\common\tinyRF.c(263): warning:  #223-D: function "uesb_get_tx_attempts" declared implicitly
       uesb_get_tx_attempts(&tx_attempts);
..\..\common\tinyRF.c(5): warning:  #177-D: variable "data_to_send"  was declared but never referenced
  static  uint8_t                 data_to_send[32];
..\..\common\tinyRF.c: 5 warnings, 4 errors
assembling arm_startup_nrf51.s...
compiling system_nrf51.c...
compiling nrf_delay.c...
".\_build\tiny_esb_ptx.axf" - 4 Error(s), 5 Warning(s).

*** Performing Cross-Module-Optimization:
*** Feedback file '.\_build\tiny_esb_ptx.fed' not found.

<h2>Software Packages used:</h2>

Package Vendor: ARM
                http://www.keil.com/pack/ARM.CMSIS.5.2.0.pack
                ARM::CMSIS:CORE:5.0.2
                CMSIS (Cortex Microcontroller Software Interface Standard)
   * Component: CORE Version: 5.0.2

Package Vendor: NordicSemiconductor
                http://developer.nordicsemi.com/nRF5_SDK/pieces/nRF_DeviceFamilyPack/NordicSemiconductor.nRF_DeviceFamilyPack.8.17.0.pack
                NordicSemiconductor::Device:Startup:8.17.0
                Nordic Semiconductor nRF ARM devices Device Family Pack.
   * Component: Startup Version: 8.17.0

Package Vendor: NordicSemiconductor
                http://developer.nordicsemi.com/nRF51_SDK/pieces/nRF_Drivers/NordicSemiconductor.nRF_Drivers.4.0.0-2.alpha.pack
                NordicSemiconductor::nRF_Drivers:nrf_gpio:4.0.0-2.alpha
                Drivers for Nordic Semiconductor nRF family.
   * Component: nrf_gpio Version: 4.0.0-2.alpha
   * Component: nrf_delay Version: 4.0.0-2.alpha

Package Vendor: NordicSemiconductor
                http://developer.nordicsemi.com/nRF51_SDK/pieces/nRF_SoftDevice_Common/NordicSemiconductor.nRF_SoftDevice_Common.2.0.0-2.alpha.pack
                NordicSemiconductor::nRF_SoftDevice:Internal:softdevice_present:2.0.0-2.alpha
                Common components for Nordic Semiconductor nRF family SoftDevices.
   * Component: softdevice_present Version: 2.0.0-2.alpha

Package Vendor: NordicSemiconductor
                http://developer.nordicsemi.com/nRF51_SDK/pieces/nRF_SoftDevice_S130/NordicSemiconductor.nRF_SoftDevice_S130.2.0.0-7.alpha.pack
                NordicSemiconductor::nRF_SoftDevice:s130:Present_only:2.0.0-7.alpha
                Components for Bluetooth Low Energy (Bluetooth Smart) S130 SoftDevice for Nordic Semiconductor nRF family.
   * Component: s130 Variant: Present_only Version: 2.0.0-7.alpha

<h2>Collection of Component include folders:</h2>
  D:\TITOMA\nrf_codes\FW\local\TIMESLOT\nrf51-micro-esb-master\ptx\arm\RTE\_nrf51822_xxac_130__256K_
  C:\Keil_v5\ARM\PACK\ARM\CMSIS\5.2.0\CMSIS\Include
  C:\Keil_v5\ARM\PACK\NordicSemiconductor\nRF_DeviceFamilyPack\8.17.0\Device\Include
  C:\Keil_v5\ARM\PACK\NordicSemiconductor\nRF_Drivers\4.0.0-2.alpha\delay
  C:\Keil_v5\ARM\PACK\NordicSemiconductor\nRF_Drivers\4.0.0-2.alpha\hal
  C:\Keil_v5\ARM\PACK\NordicSemiconductor\nRF_SoftDevice_S130\2.0.0-7.alpha\headers
  C:\Keil_v5\ARM\PACK\NordicSemiconductor\nRF_SoftDevice_S130\2.0.0-7.alpha\headers\nrf51

<h2>Collection of Component Files used:</h2>

   * Component: ARM::CMSIS:CORE:5.0.2

   * Component: NordicSemiconductor::Device:Startup:8.17.0
      Include file:  Device\Include\system_nrf51.h
      Source file:   Device\Source\system_nrf51.c
      Source file:   Device\Source\arm\arm_startup_nrf51.s

   * Component: NordicSemiconductor::nRF_Drivers:nrf_gpio:4.0.0-2.alpha
      Include file:  hal\nrf_gpio.h

   * Component: NordicSemiconductor::nRF_Drivers:nrf_delay:4.0.0-2.alpha
      Source file:   delay\nrf_delay.c
      Include file:  delay\nrf_delay.h

   * Component: NordicSemiconductor::nRF_SoftDevice:Internal:softdevice_present:2.0.0-2.alpha

   * Component: NordicSemiconductor::nRF_SoftDevice:s130:Present_only:2.0.0-7.alpha
      Include file:  headers\ble.h
      Include file:  headers\nrf_error_sdm.h
      Include file:  headers\ble_types.h
      Include file:  headers\ble_l2cap.h
      Include file:  headers\nrf_sd_def.h
      Include file:  headers\ble_gatts.h
      Include file:  headers\ble_ranges.h
      Include file:  headers\nrf_sdm.h
      Include file:  headers\ble_gap.h
      Include file:  headers\ble_gatt.h
      Include file:  headers\ble_err.h
      Include file:  headers\softdevice_assert.h
      Include file:  headers\nrf51\nrf_mbr.h
      Include file:  headers\nrf_error.h
      Include file:  headers\nrf_svc.h
      Include file:  headers\nrf_error_soc.h
      Include file:  headers\ble_hci.h
      Include file:  headers\nrf_soc.h
      Include file:  headers\ble_gattc.h
Target not created.
Build Time Elapsed:  00:00:01
</pre>
</body>
</html>
